2021-08-04T00:56:09.956Z [warn] WARNING: {{tablist.tab}} was not converted as it has positional parameters which can't be automatically converted. Source: tests/dummy/app/templates/routable-tabs.hbs
2021-08-04T00:56:09.958Z [warn] WARNING: {{tablist.tab}} was not converted as it has positional parameters which can't be automatically converted. Source: tests/dummy/app/templates/routable-tabs.hbs
2021-08-04T00:56:09.958Z [warn] WARNING: {{tablist.tab}} was not converted as it has positional parameters which can't be automatically converted. Source: tests/dummy/app/templates/routable-tabs.hbs
2021-08-04T00:56:09.958Z [warn] WARNING: {{tabs.tabpanel}} was not converted as it has positional parameters which can't be automatically converted. Source: tests/dummy/app/templates/routable-tabs.hbs
2021-08-04T00:56:09.959Z [warn] WARNING: {{tabs.tabpanel}} was not converted as it has positional parameters which can't be automatically converted. Source: tests/dummy/app/templates/routable-tabs.hbs
2021-08-04T00:56:09.959Z [warn] WARNING: {{tabs.tabpanel}} was not converted as it has positional parameters which can't be automatically converted. Source: tests/dummy/app/templates/routable-tabs.hbs
2021-08-04T00:56:10.136Z [warn] WARNING: {{tablist.tab}} was not converted as it has positional parameters which can't be automatically converted. Source: tests/dummy/app/templates/dynamic-tabs.hbs
2021-08-04T00:56:10.139Z [warn] WARNING: {{tablist.tab}} was not converted as it has positional parameters which can't be automatically converted. Source: tests/dummy/app/templates/index.hbs
2021-08-04T00:56:10.140Z [warn] WARNING: {{tabs.tabpanel}} was not converted as it has positional parameters which can't be automatically converted. Source: tests/dummy/app/templates/dynamic-tabs.hbs
2021-08-04T00:56:10.145Z [warn] WARNING: {{tablist.tab}} was not converted as it has positional parameters which can't be automatically converted. Source: tests/dummy/app/templates/index.hbs
2021-08-04T00:56:10.145Z [warn] WARNING: {{tablist.tab}} was not converted as it has positional parameters which can't be automatically converted. Source: tests/dummy/app/templates/index.hbs
2021-08-04T00:56:10.148Z [warn] WARNING: {{tabs.tabpanel}} was not converted as it has positional parameters which can't be automatically converted. Source: tests/dummy/app/templates/index.hbs
2021-08-04T00:56:10.148Z [warn] WARNING: {{tabs.tabpanel}} was not converted as it has positional parameters which can't be automatically converted. Source: tests/dummy/app/templates/index.hbs
2021-08-04T00:56:10.148Z [warn] WARNING: {{tabs.tabpanel}} was not converted as it has positional parameters which can't be automatically converted. Source: tests/dummy/app/templates/index.hbs
2021-08-04T00:56:10.253Z [warn] WARNING: {{tablist.tab}} was not converted as it has positional parameters which can't be automatically converted. Source: tests/dummy/app/templates/query-params.hbs
2021-08-04T00:56:10.257Z [warn] WARNING: {{tablist.tab}} was not converted as it has positional parameters which can't be automatically converted. Source: tests/dummy/app/templates/query-params.hbs
2021-08-04T00:56:10.257Z [warn] WARNING: {{tablist.tab}} was not converted as it has positional parameters which can't be automatically converted. Source: tests/dummy/app/templates/query-params.hbs
2021-08-04T00:56:10.257Z [warn] WARNING: {{tabs.tabpanel}} was not converted as it has positional parameters which can't be automatically converted. Source: tests/dummy/app/templates/query-params.hbs
2021-08-04T00:56:10.257Z [warn] WARNING: {{tabs.tabpanel}} was not converted as it has positional parameters which can't be automatically converted. Source: tests/dummy/app/templates/query-params.hbs
2021-08-04T00:56:10.258Z [warn] WARNING: {{tabs.tabpanel}} was not converted as it has positional parameters which can't be automatically converted. Source: tests/dummy/app/templates/query-params.hbs
2021-10-07T16:17:01.776Z [warn] WARNING: {{tablist.tab}} was not converted as it has positional parameters which can't be automatically converted. Source: tests/dummy/app/templates/routable-tabs.hbs
2021-10-07T16:17:01.779Z [warn] WARNING: {{tablist.tab}} was not converted as it has positional parameters which can't be automatically converted. Source: tests/dummy/app/templates/routable-tabs.hbs
2021-10-07T16:17:01.779Z [warn] WARNING: {{tablist.tab}} was not converted as it has positional parameters which can't be automatically converted. Source: tests/dummy/app/templates/routable-tabs.hbs
2021-10-07T16:17:01.780Z [warn] WARNING: {{tabs.tabpanel}} was not converted as it has positional parameters which can't be automatically converted. Source: tests/dummy/app/templates/routable-tabs.hbs
2021-10-07T16:17:01.780Z [warn] WARNING: {{tabs.tabpanel}} was not converted as it has positional parameters which can't be automatically converted. Source: tests/dummy/app/templates/routable-tabs.hbs
2021-10-07T16:17:01.780Z [warn] WARNING: {{tabs.tabpanel}} was not converted as it has positional parameters which can't be automatically converted. Source: tests/dummy/app/templates/routable-tabs.hbs
2021-10-07T16:17:02.091Z [warn] WARNING: {{page-title}} was not converted as it has positional parameters which can't be automatically converted. Source: tests/dummy/app/templates/application.hbs
2021-10-07T16:17:02.110Z [warn] WARNING: {{tablist.tab}} was not converted as it has positional parameters which can't be automatically converted. Source: tests/dummy/app/templates/dynamic-tabs.hbs
2021-10-07T16:17:02.113Z [warn] WARNING: {{tabs.tabpanel}} was not converted as it has positional parameters which can't be automatically converted. Source: tests/dummy/app/templates/dynamic-tabs.hbs
2021-10-07T16:17:02.119Z [warn] WARNING: {{tablist.tab}} was not converted as it has positional parameters which can't be automatically converted. Source: tests/dummy/app/templates/query-params.hbs
2021-10-07T16:17:02.121Z [warn] WARNING: {{tablist.tab}} was not converted as it has positional parameters which can't be automatically converted. Source: tests/dummy/app/templates/index.hbs
2021-10-07T16:17:02.123Z [warn] WARNING: {{tablist.tab}} was not converted as it has positional parameters which can't be automatically converted. Source: tests/dummy/app/templates/query-params.hbs
2021-10-07T16:17:02.123Z [warn] WARNING: {{tablist.tab}} was not converted as it has positional parameters which can't be automatically converted. Source: tests/dummy/app/templates/query-params.hbs
2021-10-07T16:17:02.124Z [warn] WARNING: {{tabs.tabpanel}} was not converted as it has positional parameters which can't be automatically converted. Source: tests/dummy/app/templates/query-params.hbs
2021-10-07T16:17:02.124Z [warn] WARNING: {{tabs.tabpanel}} was not converted as it has positional parameters which can't be automatically converted. Source: tests/dummy/app/templates/query-params.hbs
2021-10-07T16:17:02.124Z [warn] WARNING: {{tabs.tabpanel}} was not converted as it has positional parameters which can't be automatically converted. Source: tests/dummy/app/templates/query-params.hbs
2021-10-07T16:17:02.123Z [warn] WARNING: {{tablist.tab}} was not converted as it has positional parameters which can't be automatically converted. Source: tests/dummy/app/templates/index.hbs
2021-10-07T16:17:02.124Z [warn] WARNING: {{tablist.tab}} was not converted as it has positional parameters which can't be automatically converted. Source: tests/dummy/app/templates/index.hbs
2021-10-07T16:17:02.124Z [warn] WARNING: {{tabs.tabpanel}} was not converted as it has positional parameters which can't be automatically converted. Source: tests/dummy/app/templates/index.hbs
2021-10-07T16:17:02.124Z [warn] WARNING: {{tabs.tabpanel}} was not converted as it has positional parameters which can't be automatically converted. Source: tests/dummy/app/templates/index.hbs
2021-10-07T16:17:02.125Z [warn] WARNING: {{tabs.tabpanel}} was not converted as it has positional parameters which can't be automatically converted. Source: tests/dummy/app/templates/index.hbs
